<?xml version="1.0" encoding="UTF-8"?>
<!-- Generated by org.testng.reporters.JUnitReportReporter -->
<testsuite skipped="0" hostname="DESKTOP-M3E2BR1" name="testCase.SAL59" tests="1" failures="0" timestamp="2021-04-04T21:47:42 IST" time="27.202" errors="0">
  <testcase name="verifySummerPdf" time="27.202" classname="testCase.SAL59"/>
  <system-out/>
</testsuite> <!-- testCase.SAL59 -->
