<?xml version="1.0" encoding="UTF-8"?>
<!-- Generated by org.testng.reporters.JUnitReportReporter -->
<testsuite skipped="0" hostname="DESKTOP-M3E2BR1" name="testCase.SAL2CreateOpportunity" tests="1" failures="0" timestamp="2021-04-03T13:02:02 IST" time="20.633" errors="0">
  <testcase name="createOpportunity" time="20.633" classname="testCase.SAL2CreateOpportunity"/>
  <system-out/>
</testsuite> <!-- testCase.SAL2CreateOpportunity -->
