<?xml version="1.0" encoding="UTF-8"?>
<!-- Generated by org.testng.reporters.JUnitReportReporter -->
<testsuite skipped="0" hostname="DESKTOP-M3E2BR1" name="testCase.SAL19CreateDashboard" tests="1" failures="0" timestamp="2021-04-04T10:17:09 IST" time="22.947" errors="0">
  <testcase name="createDashboard" time="22.947" classname="testCase.SAL19CreateDashboard"/>
  <system-out/>
</testsuite> <!-- testCase.SAL19CreateDashboard -->
