<?xml version="1.0" encoding="UTF-8"?>
<!-- Generated by org.testng.reporters.JUnitReportReporter -->
<testsuite skipped="0" hostname="DESKTOP-M3E2BR1" name="testCase.SAL81" tests="1" failures="0" timestamp="2021-04-05T06:03:39 IST" time="35.889" errors="0">
  <testcase name="uploadPDFTC" time="35.889" classname="testCase.SAL81"/>
  <system-out/>
</testsuite> <!-- testCase.SAL81 -->
