<?xml version="1.0" encoding="UTF-8"?>
<!-- Generated by org.testng.reporters.JUnitReportReporter -->
<testsuite skipped="0" hostname="DESKTOP-M3E2BR1" name="testcases.SAL19CreateDashboard" tests="1" failures="0" timestamp="2021-04-04T09:48:27 IST" time="26.879" errors="0">
  <testcase name="createDashboard" time="26.879" classname="testcases.SAL19CreateDashboard"/>
  <system-out/>
</testsuite> <!-- testcases.SAL19CreateDashboard -->
