<?xml version="1.0" encoding="UTF-8"?>
<!-- Generated by org.testng.reporters.JUnitReportReporter -->
<testsuite skipped="0" hostname="DESKTOP-M3E2BR1" name="testCase.SAL57" tests="1" failures="0" timestamp="2021-04-04T12:46:15 IST" time="15.808" errors="0">
  <testcase name="verifyAppleApp" time="15.808" classname="testCase.SAL57"/>
  <system-out/>
</testsuite> <!-- testCase.SAL57 -->
