<?xml version="1.0" encoding="UTF-8"?>
<!-- Generated by org.testng.reporters.JUnitReportReporter -->
<testsuite skipped="0" hostname="DESKTOP-M3E2BR1" name="testCase.SAL2CreateOpportunity" tests="1" failures="0" timestamp="2021-04-04T11:23:32 IST" time="22.021" errors="0">
  <testcase name="createOpportunity" time="22.021" classname="testCase.SAL2CreateOpportunity"/>
  <system-out/>
</testsuite> <!-- testCase.SAL2CreateOpportunity -->
