<?xml version="1.0" encoding="UTF-8"?>
<!-- Generated by org.testng.reporters.JUnitReportReporter -->
<testsuite skipped="0" hostname="DESKTOP-M3E2BR1" name="testCase.SAL22" tests="1" failures="0" timestamp="2021-04-04T20:53:23 IST" time="23.604" errors="0">
  <testcase name="sortDashboard" time="23.604" classname="testCase.SAL22"/>
  <system-out/>
</testsuite> <!-- testCase.SAL22 -->
